{"/home/calsoft/Desktop/code/sterlite/dcae-stl-ui/src/main.js": {"path":"/home/calsoft/Desktop/code/sterlite/dcae-stl-ui/src/main.js","statementMap":{"0":{"start":{"line":9,"column":0},"end":{"line":9,"column":33}},"1":{"start":{"line":11,"column":0},"end":{"line":16,"column":18}},"2":{"start":{"line":15,"column":17},"end":{"line":15,"column":23}}},"fnMap":{"0":{"name":"(anonymous_0)","decl":{"start":{"line":15,"column":12},"end":{"line":15,"column":13}},"loc":{"start":{"line":15,"column":17},"end":{"line":15,"column":23}},"line":15}},"branchMap":{},"s":{"0":0,"1":0,"2":0},"f":{"0":0},"b":{},"hash":"43eb45204a7a2479527a8df810c0e06c62cc1da7"}
,"/home/calsoft/Desktop/code/sterlite/dcae-stl-ui/src/components/Card.vue": {"path":"/home/calsoft/Desktop/code/sterlite/dcae-stl-ui/src/components/Card.vue","statementMap":{"0":{"start":{"line":53,"column":0},"end":{"line":53,"column":null}}},"fnMap":{"0":{"name":"(anonymous_1)","decl":{"start":{"line":53,"column":0},"end":{"line":53,"column":null}},"loc":{"start":{"line":53,"column":0},"end":{"line":53,"column":null}}}},"branchMap":{},"s":{"0":0},"f":{"0":0},"b":{}}
,"/home/calsoft/Desktop/code/sterlite/dcae-stl-ui/src/components/charts/DoughnutChart.vue": {"path":"/home/calsoft/Desktop/code/sterlite/dcae-stl-ui/src/components/charts/DoughnutChart.vue","statementMap":{"0":{"start":{"line":2,"column":0},"end":{"line":2,"column":null}},"1":{"start":{"line":10,"column":0},"end":{"line":10,"column":null}}},"fnMap":{"0":{"name":"(anonymous_1)","decl":{"start":{"line":8,"column":0},"end":{"line":8,"column":null}},"loc":{"start":{"line":8,"column":0},"end":{"line":11,"column":null}}}},"branchMap":{},"s":{"0":0,"1":0},"f":{"0":0},"b":{}}
,"/home/calsoft/Desktop/code/sterlite/dcae-stl-ui/src/layouts/Header.vue": {"path":"/home/calsoft/Desktop/code/sterlite/dcae-stl-ui/src/layouts/Header.vue","statementMap":{"0":{"start":{"line":13,"column":0},"end":{"line":13,"column":null}},"1":{"start":{"line":16,"column":0},"end":{"line":16,"column":null}},"2":{"start":{"line":27,"column":0},"end":{"line":27,"column":null}},"3":{"start":{"line":28,"column":0},"end":{"line":28,"column":null}},"4":{"start":{"line":29,"column":0},"end":{"line":29,"column":null}}},"fnMap":{"0":{"name":"(anonymous_1)","decl":{"start":{"line":16,"column":0},"end":{"line":16,"column":null}},"loc":{"start":{"line":16,"column":0},"end":{"line":16,"column":null}}},"1":{"name":"(anonymous_2)","decl":{"start":{"line":26,"column":0},"end":{"line":26,"column":null}},"loc":{"start":{"line":26,"column":0},"end":{"line":30,"column":null}}}},"branchMap":{},"s":{"0":1,"1":1,"2":0,"3":0,"4":0},"f":{"0":1,"1":0},"b":{}}
,"/home/calsoft/Desktop/code/sterlite/dcae-stl-ui/src/layouts/SideBar.vue": {"path":"/home/calsoft/Desktop/code/sterlite/dcae-stl-ui/src/layouts/SideBar.vue","statementMap":{"0":{"start":{"line":84,"column":0},"end":{"line":84,"column":null}},"1":{"start":{"line":90,"column":0},"end":{"line":90,"column":null}},"2":{"start":{"line":105,"column":0},"end":{"line":105,"column":null}},"3":{"start":{"line":108,"column":0},"end":{"line":108,"column":null}},"4":{"start":{"line":113,"column":0},"end":{"line":113,"column":null}},"5":{"start":{"line":116,"column":0},"end":{"line":116,"column":null}},"6":{"start":{"line":126,"column":0},"end":{"line":126,"column":null}},"7":{"start":{"line":127,"column":0},"end":{"line":127,"column":null}},"8":{"start":{"line":128,"column":0},"end":{"line":128,"column":null}}},"fnMap":{"0":{"name":"(anonymous_1)","decl":{"start":{"line":90,"column":0},"end":{"line":90,"column":null}},"loc":{"start":{"line":90,"column":0},"end":{"line":90,"column":null}}},"1":{"name":"(anonymous_2)","decl":{"start":{"line":104,"column":0},"end":{"line":104,"column":null}},"loc":{"start":{"line":104,"column":0},"end":{"line":106,"column":null}}},"2":{"name":"(anonymous_3)","decl":{"start":{"line":107,"column":0},"end":{"line":107,"column":null}},"loc":{"start":{"line":107,"column":0},"end":{"line":109,"column":null}}},"3":{"name":"(anonymous_4)","decl":{"start":{"line":112,"column":0},"end":{"line":112,"column":null}},"loc":{"start":{"line":112,"column":0},"end":{"line":114,"column":null}}},"4":{"name":"(anonymous_5)","decl":{"start":{"line":115,"column":0},"end":{"line":115,"column":null}},"loc":{"start":{"line":115,"column":0},"end":{"line":117,"column":null}}},"5":{"name":"(anonymous_6)","decl":{"start":{"line":125,"column":0},"end":{"line":125,"column":null}},"loc":{"start":{"line":125,"column":0},"end":{"line":129,"column":null}}}},"branchMap":{},"s":{"0":0,"1":0,"2":0,"3":0,"4":0,"5":0,"6":0,"7":0,"8":0},"f":{"0":0,"1":0,"2":0,"3":0,"4":0,"5":0},"b":{}}
,"/home/calsoft/Desktop/code/sterlite/dcae-stl-ui/src/plugins/vuetify.js": {"path":"/home/calsoft/Desktop/code/sterlite/dcae-stl-ui/src/plugins/vuetify.js","statementMap":{"0":{"start":{"line":5,"column":0},"end":{"line":5,"column":17}}},"fnMap":{},"branchMap":{},"s":{"0":0},"f":{},"b":{},"hash":"5ea1b515e6b6026bf03736dd61e955a4b2e188b7"}
,"/home/calsoft/Desktop/code/sterlite/dcae-stl-ui/src/router/index.js": {"path":"/home/calsoft/Desktop/code/sterlite/dcae-stl-ui/src/router/index.js","statementMap":{"0":{"start":{"line":4,"column":0},"end":{"line":4,"column":16}},"1":{"start":{"line":12,"column":29},"end":{"line":12,"column":52}},"2":{"start":{"line":18,"column":37},"end":{"line":18,"column":64}},"3":{"start":{"line":24,"column":37},"end":{"line":24,"column":68}},"4":{"start":{"line":30,"column":37},"end":{"line":30,"column":61}},"5":{"start":{"line":36,"column":37},"end":{"line":36,"column":61}},"6":{"start":{"line":42,"column":37},"end":{"line":42,"column":61}}},"fnMap":{"0":{"name":"(anonymous_0)","decl":{"start":{"line":12,"column":23},"end":{"line":12,"column":24}},"loc":{"start":{"line":12,"column":29},"end":{"line":12,"column":52}},"line":12},"1":{"name":"(anonymous_1)","decl":{"start":{"line":18,"column":31},"end":{"line":18,"column":32}},"loc":{"start":{"line":18,"column":37},"end":{"line":18,"column":64}},"line":18},"2":{"name":"(anonymous_2)","decl":{"start":{"line":24,"column":31},"end":{"line":24,"column":32}},"loc":{"start":{"line":24,"column":37},"end":{"line":24,"column":68}},"line":24},"3":{"name":"(anonymous_3)","decl":{"start":{"line":30,"column":31},"end":{"line":30,"column":32}},"loc":{"start":{"line":30,"column":37},"end":{"line":30,"column":61}},"line":30},"4":{"name":"(anonymous_4)","decl":{"start":{"line":36,"column":31},"end":{"line":36,"column":32}},"loc":{"start":{"line":36,"column":37},"end":{"line":36,"column":61}},"line":36},"5":{"name":"(anonymous_5)","decl":{"start":{"line":42,"column":31},"end":{"line":42,"column":32}},"loc":{"start":{"line":42,"column":37},"end":{"line":42,"column":61}},"line":42}},"branchMap":{},"s":{"0":0,"1":0,"2":0,"3":0,"4":0,"5":0,"6":0},"f":{"0":0,"1":0,"2":0,"3":0,"4":0,"5":0},"b":{},"hash":"fa989dca9b38c145017d6203df83c91a4366ce83"}
,"/home/calsoft/Desktop/code/sterlite/dcae-stl-ui/src/store/index.js": {"path":"/home/calsoft/Desktop/code/sterlite/dcae-stl-ui/src/store/index.js","statementMap":{"0":{"start":{"line":5,"column":0},"end":{"line":5,"column":14}},"1":{"start":{"line":23,"column":12},"end":{"line":23,"column":36}},"2":{"start":{"line":26,"column":12},"end":{"line":26,"column":35}},"3":{"start":{"line":29,"column":12},"end":{"line":29,"column":42}},"4":{"start":{"line":32,"column":12},"end":{"line":32,"column":40}},"5":{"start":{"line":33,"column":12},"end":{"line":33,"column":37}},"6":{"start":{"line":38,"column":12},"end":{"line":51,"column":13}},"7":{"start":{"line":39,"column":31},"end":{"line":47,"column":18}},"8":{"start":{"line":48,"column":16},"end":{"line":48,"column":57}},"9":{"start":{"line":50,"column":16},"end":{"line":50,"column":41}}},"fnMap":{"0":{"name":"(anonymous_0)","decl":{"start":{"line":22,"column":8},"end":{"line":22,"column":9}},"loc":{"start":{"line":22,"column":35},"end":{"line":24,"column":9}},"line":22},"1":{"name":"(anonymous_1)","decl":{"start":{"line":25,"column":8},"end":{"line":25,"column":9}},"loc":{"start":{"line":25,"column":34},"end":{"line":27,"column":9}},"line":25},"2":{"name":"(anonymous_2)","decl":{"start":{"line":28,"column":8},"end":{"line":28,"column":9}},"loc":{"start":{"line":28,"column":41},"end":{"line":30,"column":9}},"line":28},"3":{"name":"(anonymous_3)","decl":{"start":{"line":31,"column":8},"end":{"line":31,"column":9}},"loc":{"start":{"line":31,"column":36},"end":{"line":34,"column":9}},"line":31},"4":{"name":"(anonymous_4)","decl":{"start":{"line":37,"column":8},"end":{"line":37,"column":9}},"loc":{"start":{"line":37,"column":50},"end":{"line":52,"column":9}},"line":37}},"branchMap":{},"s":{"0":0,"1":0,"2":0,"3":0,"4":0,"5":0,"6":0,"7":0,"8":0,"9":0},"f":{"0":0,"1":0,"2":0,"3":0,"4":0},"b":{},"hash":"bcce62befbf20ab4005e355e07ee95e69d52335d"}
,"/home/calsoft/Desktop/code/sterlite/dcae-stl-ui/src/views/Alerts.vue": {"path":"/home/calsoft/Desktop/code/sterlite/dcae-stl-ui/src/views/Alerts.vue","statementMap":{"0":{"start":{"line":6,"column":0},"end":{"line":6,"column":null}},"1":{"start":{"line":19,"column":0},"end":{"line":19,"column":null}}},"fnMap":{"0":{"name":"(anonymous_1)","decl":{"start":{"line":18,"column":0},"end":{"line":18,"column":null}},"loc":{"start":{"line":18,"column":0},"end":{"line":20,"column":null}}}},"branchMap":{},"s":{"0":0,"1":0},"f":{"0":0},"b":{}}
,"/home/calsoft/Desktop/code/sterlite/dcae-stl-ui/src/views/Configuration.vue": {"path":"/home/calsoft/Desktop/code/sterlite/dcae-stl-ui/src/views/Configuration.vue","statementMap":{"0":{"start":{"line":6,"column":0},"end":{"line":6,"column":null}},"1":{"start":{"line":19,"column":0},"end":{"line":19,"column":null}}},"fnMap":{"0":{"name":"(anonymous_1)","decl":{"start":{"line":18,"column":0},"end":{"line":18,"column":null}},"loc":{"start":{"line":18,"column":0},"end":{"line":20,"column":null}}}},"branchMap":{},"s":{"0":0,"1":0},"f":{"0":0},"b":{}}
,"/home/calsoft/Desktop/code/sterlite/dcae-stl-ui/src/views/Dashboard.vue": {"path":"/home/calsoft/Desktop/code/sterlite/dcae-stl-ui/src/views/Dashboard.vue","statementMap":{"0":{"start":{"line":29,"column":0},"end":{"line":29,"column":null}},"1":{"start":{"line":35,"column":0},"end":{"line":35,"column":null}},"2":{"start":{"line":41,"column":0},"end":{"line":41,"column":null}},"3":{"start":{"line":42,"column":0},"end":{"line":42,"column":null}},"4":{"start":{"line":52,"column":0},"end":{"line":61,"column":null}},"5":{"start":{"line":71,"column":0},"end":{"line":71,"column":null}}},"fnMap":{"0":{"name":"(anonymous_1)","decl":{"start":{"line":34,"column":0},"end":{"line":34,"column":null}},"loc":{"start":{"line":34,"column":0},"end":{"line":39,"column":null}}},"1":{"name":"(anonymous_2)","decl":{"start":{"line":40,"column":0},"end":{"line":40,"column":null}},"loc":{"start":{"line":40,"column":0},"end":{"line":43,"column":null}}},"2":{"name":"(anonymous_3)","decl":{"start":{"line":51,"column":0},"end":{"line":51,"column":null}},"loc":{"start":{"line":51,"column":0},"end":{"line":68,"column":null}}},"3":{"name":"(anonymous_4)","decl":{"start":{"line":71,"column":0},"end":{"line":71,"column":null}},"loc":{"start":{"line":71,"column":0},"end":{"line":71,"column":null}}}},"branchMap":{},"s":{"0":0,"1":0,"2":0,"3":0,"4":0,"5":0},"f":{"0":0,"1":0,"2":0,"3":0},"b":{}}
,"/home/calsoft/Desktop/code/sterlite/dcae-stl-ui/src/views/Index.vue": {"path":"/home/calsoft/Desktop/code/sterlite/dcae-stl-ui/src/views/Index.vue","statementMap":{"0":{"start":{"line":16,"column":0},"end":{"line":16,"column":null}},"1":{"start":{"line":18,"column":0},"end":{"line":18,"column":null}},"2":{"start":{"line":19,"column":0},"end":{"line":19,"column":null}},"3":{"start":{"line":22,"column":0},"end":{"line":22,"column":null}}},"fnMap":{"0":{"name":"(anonymous_1)","decl":{"start":{"line":16,"column":0},"end":{"line":16,"column":null}},"loc":{"start":{"line":16,"column":0},"end":{"line":16,"column":null}}},"1":{"name":"(anonymous_3)","decl":{"start":{"line":18,"column":0},"end":{"line":18,"column":null}},"loc":{"start":{"line":18,"column":0},"end":{"line":18,"column":null}}},"2":{"name":"(anonymous_5)","decl":{"start":{"line":19,"column":0},"end":{"line":19,"column":null}},"loc":{"start":{"line":19,"column":0},"end":{"line":19,"column":null}}},"3":{"name":"(anonymous_7)","decl":{"start":{"line":22,"column":0},"end":{"line":22,"column":null}},"loc":{"start":{"line":22,"column":0},"end":{"line":22,"column":null}}}},"branchMap":{},"s":{"0":0,"1":0,"2":0,"3":0},"f":{"0":0,"1":0,"2":0,"3":0},"b":{}}
,"/home/calsoft/Desktop/code/sterlite/dcae-stl-ui/src/views/Policy.vue": {"path":"/home/calsoft/Desktop/code/sterlite/dcae-stl-ui/src/views/Policy.vue","statementMap":{"0":{"start":{"line":6,"column":0},"end":{"line":6,"column":null}},"1":{"start":{"line":19,"column":0},"end":{"line":19,"column":null}}},"fnMap":{"0":{"name":"(anonymous_1)","decl":{"start":{"line":18,"column":0},"end":{"line":18,"column":null}},"loc":{"start":{"line":18,"column":0},"end":{"line":20,"column":null}}}},"branchMap":{},"s":{"0":0,"1":0},"f":{"0":0},"b":{}}
,"/home/calsoft/Desktop/code/sterlite/dcae-stl-ui/src/views/Topics.vue": {"path":"/home/calsoft/Desktop/code/sterlite/dcae-stl-ui/src/views/Topics.vue","statementMap":{"0":{"start":{"line":6,"column":0},"end":{"line":6,"column":null}},"1":{"start":{"line":19,"column":0},"end":{"line":19,"column":null}}},"fnMap":{"0":{"name":"(anonymous_1)","decl":{"start":{"line":18,"column":0},"end":{"line":18,"column":null}},"loc":{"start":{"line":18,"column":0},"end":{"line":20,"column":null}}}},"branchMap":{},"s":{"0":0,"1":0},"f":{"0":0},"b":{}}
}
