TN:
SF:/home/calsoft/Desktop/code/sterlite/dcae-stl-ui/src/main.js
FN:15,(anonymous_0)
FNF:1
FNH:0
FNDA:0,(anonymous_0)
DA:9,0
DA:11,0
DA:15,0
LF:3
LH:0
BRF:0
BRH:0
end_of_record
TN:
SF:/home/calsoft/Desktop/code/sterlite/dcae-stl-ui/src/components/Card.vue
FN:53,(anonymous_1)
FNF:1
FNH:0
FNDA:0,(anonymous_1)
DA:53,0
LF:1
LH:0
BRF:0
BRH:0
end_of_record
TN:
SF:/home/calsoft/Desktop/code/sterlite/dcae-stl-ui/src/components/charts/DoughnutChart.vue
FN:8,(anonymous_1)
FNF:1
FNH:0
FNDA:0,(anonymous_1)
DA:2,0
DA:10,0
LF:2
LH:0
BRF:0
BRH:0
end_of_record
TN:
SF:/home/calsoft/Desktop/code/sterlite/dcae-stl-ui/src/layouts/Header.vue
FN:16,(anonymous_1)
FN:26,(anonymous_2)
FNF:2
FNH:1
FNDA:1,(anonymous_1)
FNDA:0,(anonymous_2)
DA:13,1
DA:16,1
DA:27,0
DA:28,0
DA:29,0
LF:5
LH:2
BRF:0
BRH:0
end_of_record
TN:
SF:/home/calsoft/Desktop/code/sterlite/dcae-stl-ui/src/layouts/SideBar.vue
FN:90,(anonymous_1)
FN:104,(anonymous_2)
FN:107,(anonymous_3)
FN:112,(anonymous_4)
FN:115,(anonymous_5)
FN:125,(anonymous_6)
FNF:6
FNH:0
FNDA:0,(anonymous_1)
FNDA:0,(anonymous_2)
FNDA:0,(anonymous_3)
FNDA:0,(anonymous_4)
FNDA:0,(anonymous_5)
FNDA:0,(anonymous_6)
DA:84,0
DA:90,0
DA:105,0
DA:108,0
DA:113,0
DA:116,0
DA:126,0
DA:127,0
DA:128,0
LF:9
LH:0
BRF:0
BRH:0
end_of_record
TN:
SF:/home/calsoft/Desktop/code/sterlite/dcae-stl-ui/src/plugins/vuetify.js
FNF:0
FNH:0
DA:5,0
LF:1
LH:0
BRF:0
BRH:0
end_of_record
TN:
SF:/home/calsoft/Desktop/code/sterlite/dcae-stl-ui/src/router/index.js
FN:12,(anonymous_0)
FN:18,(anonymous_1)
FN:24,(anonymous_2)
FN:30,(anonymous_3)
FN:36,(anonymous_4)
FN:42,(anonymous_5)
FNF:6
FNH:0
FNDA:0,(anonymous_0)
FNDA:0,(anonymous_1)
FNDA:0,(anonymous_2)
FNDA:0,(anonymous_3)
FNDA:0,(anonymous_4)
FNDA:0,(anonymous_5)
DA:4,0
DA:12,0
DA:18,0
DA:24,0
DA:30,0
DA:36,0
DA:42,0
LF:7
LH:0
BRF:0
BRH:0
end_of_record
TN:
SF:/home/calsoft/Desktop/code/sterlite/dcae-stl-ui/src/store/index.js
FN:22,(anonymous_0)
FN:25,(anonymous_1)
FN:28,(anonymous_2)
FN:31,(anonymous_3)
FN:37,(anonymous_4)
FNF:5
FNH:0
FNDA:0,(anonymous_0)
FNDA:0,(anonymous_1)
FNDA:0,(anonymous_2)
FNDA:0,(anonymous_3)
FNDA:0,(anonymous_4)
DA:5,0
DA:23,0
DA:26,0
DA:29,0
DA:32,0
DA:33,0
DA:38,0
DA:39,0
DA:48,0
DA:50,0
LF:10
LH:0
BRF:0
BRH:0
end_of_record
TN:
SF:/home/calsoft/Desktop/code/sterlite/dcae-stl-ui/src/views/Alerts.vue
FN:18,(anonymous_1)
FNF:1
FNH:0
FNDA:0,(anonymous_1)
DA:6,0
DA:19,0
LF:2
LH:0
BRF:0
BRH:0
end_of_record
TN:
SF:/home/calsoft/Desktop/code/sterlite/dcae-stl-ui/src/views/Configuration.vue
FN:18,(anonymous_1)
FNF:1
FNH:0
FNDA:0,(anonymous_1)
DA:6,0
DA:19,0
LF:2
LH:0
BRF:0
BRH:0
end_of_record
TN:
SF:/home/calsoft/Desktop/code/sterlite/dcae-stl-ui/src/views/Dashboard.vue
FN:34,(anonymous_1)
FN:40,(anonymous_2)
FN:51,(anonymous_3)
FN:71,(anonymous_4)
FNF:4
FNH:0
FNDA:0,(anonymous_1)
FNDA:0,(anonymous_2)
FNDA:0,(anonymous_3)
FNDA:0,(anonymous_4)
DA:29,0
DA:35,0
DA:41,0
DA:42,0
DA:52,0
DA:71,0
LF:6
LH:0
BRF:0
BRH:0
end_of_record
TN:
SF:/home/calsoft/Desktop/code/sterlite/dcae-stl-ui/src/views/Index.vue
FN:16,(anonymous_1)
FN:18,(anonymous_3)
FN:19,(anonymous_5)
FN:22,(anonymous_7)
FNF:4
FNH:0
FNDA:0,(anonymous_1)
FNDA:0,(anonymous_3)
FNDA:0,(anonymous_5)
FNDA:0,(anonymous_7)
DA:16,0
DA:18,0
DA:19,0
DA:22,0
LF:4
LH:0
BRF:0
BRH:0
end_of_record
TN:
SF:/home/calsoft/Desktop/code/sterlite/dcae-stl-ui/src/views/Policy.vue
FN:18,(anonymous_1)
FNF:1
FNH:0
FNDA:0,(anonymous_1)
DA:6,0
DA:19,0
LF:2
LH:0
BRF:0
BRH:0
end_of_record
TN:
SF:/home/calsoft/Desktop/code/sterlite/dcae-stl-ui/src/views/Topics.vue
FN:18,(anonymous_1)
FNF:1
FNH:0
FNDA:0,(anonymous_1)
DA:6,0
DA:19,0
LF:2
LH:0
BRF:0
BRH:0
end_of_record
